[debug] [2022-10-27T15:17:25.585Z] ----------------------------------------------------------------------
[debug] [2022-10-27T15:17:25.587Z] Command:       C:\Program Files\nodejs\node.exe C:\Users\Nayeem Haque\AppData\Roaming\npm\node_modules\firebase-tools\lib\bin\firebase.js init
[debug] [2022-10-27T15:17:25.587Z] CLI Version:   11.15.0
[debug] [2022-10-27T15:17:25.588Z] Platform:      win32
[debug] [2022-10-27T15:17:25.588Z] Node Version:  v16.17.1
[debug] [2022-10-27T15:17:25.589Z] Time:          Thu Oct 27 2022 21:17:25 GMT+0600 (Bangladesh Standard Time)
[debug] [2022-10-27T15:17:25.589Z] ----------------------------------------------------------------------
[debug] 
[debug] [2022-10-27T15:17:25.671Z] > command requires scopes: ["email","openid","https://www.googleapis.com/auth/cloudplatformprojects.readonly","https://www.googleapis.com/auth/firebase","https://www.googleapis.com/auth/cloud-platform"]
[debug] [2022-10-27T15:17:25.672Z] > authorizing via signed-in user (nayeemhaque43@gmail.com)
[info] 
     ######## #### ########  ######## ########     ###     ######  ########
     ##        ##  ##     ## ##       ##     ##  ##   ##  ##       ##
     ######    ##  ########  ######   ########  #########  ######  ######
     ##        ##  ##    ##  ##       ##     ## ##     ##       ## ##
     ##       #### ##     ## ######## ########  ##     ##  ######  ########

You're about to initialize a Firebase project in this directory:

  C:\projects\Code-School-Client

Before we get started, keep in mind:

  * You are currently outside your home directory
  * You are initializing within an existing Firebase project directory

[info] 
=== Project Setup
[info] 
[info] First, let's associate this project directory with a Firebase project.
[info] You can create multiple project aliases by running firebase use --add, 
[info] but for now we'll just set up a default project.
[info] 
[debug] [2022-10-27T15:17:38.626Z] Using project from CLI flag: assignment-10-e2db8
[debug] [2022-10-27T15:17:38.629Z] >>> [apiv2][query] GET https://firebase.googleapis.com/v1beta1/projects/assignment-10-e2db8 [none]
[debug] [2022-10-27T15:17:39.328Z] <<< [apiv2][status] GET https://firebase.googleapis.com/v1beta1/projects/assignment-10-e2db8 403
[debug] [2022-10-27T15:17:39.328Z] <<< [apiv2][body] GET https://firebase.googleapis.com/v1beta1/projects/assignment-10-e2db8 {"error":{"code":403,"message":"The caller does not have permission","status":"PERMISSION_DENIED"}}
[debug] [2022-10-27T15:17:39.328Z] HTTP Error: 403, The caller does not have permission
[debug] [2022-10-27T15:17:39.537Z] FirebaseError: HTTP Error: 403, The caller does not have permission
    at responseToError (C:\Users\Nayeem Haque\AppData\Roaming\npm\node_modules\firebase-tools\lib\responseToError.js:49:12)
    at RetryOperation._fn (C:\Users\Nayeem Haque\AppData\Roaming\npm\node_modules\firebase-tools\lib\apiv2.js:288:77)
    at processTicksAndRejections (node:internal/process/task_queues:96:5)
[error] 
[error] Error: Failed to get Firebase project assignment-10-e2db8. Please make sure the project exists and your account has permission to access it.
